# JRE version: Java(TM) SE Runtime Environment (8.0_65-b17) (build 1.8.0_65-b17)
# Java VM: Java HotSpot(TM) 64-Bit Server VM (25.65-b01 mixed mode windows-amd64 compressed oops)
Heap:
 PSYoungGen      total 273408K, used 10218K [0x00000000d5c00000, 0x00000000eac00000, 0x0000000100000000)
  eden space 263168K, 0% used [0x00000000d5c00000,0x00000000d5c00000,0x00000000e5d00000)
  from space 10240K, 99% used [0x00000000e5d00000,0x00000000e66fab68,0x00000000e6700000)
  to   space 13312K, 0% used [0x00000000e9f00000,0x00000000e9f00000,0x00000000eac00000)
 ParOldGen       total 61952K, used 20997K [0x0000000081400000, 0x0000000085080000, 0x00000000d5c00000)
  object space 61952K, 33% used [0x0000000081400000,0x00000000828816a8,0x0000000085080000)
 Metaspace       used 34702K, capacity 35084K, committed 35416K, reserved 1081344K
  class space    used 4417K, capacity 4534K, committed 4608K, reserved 1048576K
GC Heap History (10 events):
Event: 1.932 GC heap after
Heap after GC invocations=6 (full 0):
 PSYoungGen      total 142848K, used 8924K [0x00000000d5c00000, 0x00000000df300000, 0x0000000100000000)
  eden space 132608K, 0% used [0x00000000d5c00000,0x00000000d5c00000,0x00000000ddd80000)
  from space 10240K, 87% used [0x00000000de800000,0x00000000df0b70f0,0x00000000df200000)
  to   space 10752K, 0% used [0x00000000ddd80000,0x00000000ddd80000,0x00000000de800000)
 ParOldGen       total 87552K, used 12496K [0x0000000081400000, 0x0000000086980000, 0x00000000d5c00000)
  object space 87552K, 14% used [0x0000000081400000,0x0000000082034298,0x0000000086980000)
 Metaspace       used 18962K, capacity 19244K, committed 19456K, reserved 1067008K
  class space    used 2350K, capacity 2441K, committed 2560K, reserved 1048576K
}
Event: 2.432 GC heap before
{Heap before GC invocations=7 (full 0):
 PSYoungGen      total 142848K, used 92659K [0x00000000d5c00000, 0x00000000df300000, 0x0000000100000000)
  eden space 132608K, 63% used [0x00000000d5c00000,0x00000000dadc5b88,0x00000000ddd80000)
  from space 10240K, 87% used [0x00000000de800000,0x00000000df0b70f0,0x00000000df200000)
  to   space 10752K, 0% used [0x00000000ddd80000,0x00000000ddd80000,0x00000000de800000)
 ParOldGen       total 87552K, used 12496K [0x0000000081400000, 0x0000000086980000, 0x00000000d5c00000)
  object space 87552K, 14% used [0x0000000081400000,0x0000000082034298,0x0000000086980000)
 Metaspace       used 20837K, capacity 21086K, committed 21248K, reserved 1067008K
  class space    used 2647K, capacity 2732K, committed 2816K, reserved 1048576K
Event: 2.440 GC heap after
Heap after GC invocations=7 (full 0):
 PSYoungGen      total 143360K, used 7835K [0x00000000d5c00000, 0x00000000e7300000, 0x0000000100000000)
  eden space 132608K, 0% used [0x00000000d5c00000,0x00000000d5c00000,0x00000000ddd80000)
  from space 10752K, 72% used [0x00000000ddd80000,0x00000000de526ce8,0x00000000de800000)
  to   space 10240K, 0% used [0x00000000e6900000,0x00000000e6900000,0x00000000e7300000)
 ParOldGen       total 87552K, used 14483K [0x0000000081400000, 0x0000000086980000, 0x00000000d5c00000)
  object space 87552K, 16% used [0x0000000081400000,0x0000000082224e60,0x0000000086980000)
 Metaspace       used 20837K, capacity 21086K, committed 21248K, reserved 1067008K
  class space    used 2647K, capacity 2732K, committed 2816K, reserved 1048576K
}
Event: 2.440 GC heap before
{Heap before GC invocations=8 (full 1):
 PSYoungGen      total 143360K, used 7835K [0x00000000d5c00000, 0x00000000e7300000, 0x0000000100000000)
  eden space 132608K, 0% used [0x00000000d5c00000,0x00000000d5c00000,0x00000000ddd80000)
  from space 10752K, 72% used [0x00000000ddd80000,0x00000000de526ce8,0x00000000de800000)
  to   space 10240K, 0% used [0x00000000e6900000,0x00000000e6900000,0x00000000e7300000)
 ParOldGen       total 87552K, used 14483K [0x0000000081400000, 0x0000000086980000, 0x00000000d5c00000)
  object space 87552K, 16% used [0x0000000081400000,0x0000000082224e60,0x0000000086980000)
 Metaspace       used 20837K, capacity 21086K, committed 21248K, reserved 1067008K
  class space    used 2647K, capacity 2732K, committed 2816K, reserved 1048576K
Event: 2.480 GC heap after
Heap after GC invocations=8 (full 1):
 PSYoungGen      total 143360K, used 0K [0x00000000d5c00000, 0x00000000e7300000, 0x0000000100000000)
  eden space 132608K, 0% used [0x00000000d5c00000,0x00000000d5c00000,0x00000000ddd80000)
  from space 10752K, 0% used [0x00000000ddd80000,0x00000000ddd80000,0x00000000de800000)
  to   space 10240K, 0% used [0x00000000e6900000,0x00000000e6900000,0x00000000e7300000)
 ParOldGen       total 61952K, used 15355K [0x0000000081400000, 0x0000000085080000, 0x00000000d5c00000)
  object space 61952K, 24% used [0x0000000081400000,0x00000000822fecc0,0x0000000085080000)
 Metaspace       used 20837K, capacity 21086K, committed 21248K, reserved 1067008K
  class space    used 2647K, capacity 2732K, committed 2816K, reserved 1048576K
}
Event: 3.238 GC heap before
{Heap before GC invocations=9 (full 1):
 PSYoungGen      total 143360K, used 132608K [0x00000000d5c00000, 0x00000000e7300000, 0x0000000100000000)
  eden space 132608K, 100% used [0x00000000d5c00000,0x00000000ddd80000,0x00000000ddd80000)
  from space 10752K, 0% used [0x00000000ddd80000,0x00000000ddd80000,0x00000000de800000)
  to   space 10240K, 0% used [0x00000000e6900000,0x00000000e6900000,0x00000000e7300000)
 ParOldGen       total 61952K, used 15355K [0x0000000081400000, 0x0000000085080000, 0x00000000d5c00000)
  object space 61952K, 24% used [0x0000000081400000,0x00000000822fecc0,0x0000000085080000)
 Metaspace       used 26014K, capacity 26392K, committed 26752K, reserved 1073152K
  class space    used 3314K, capacity 3419K, committed 3456K, reserved 1048576K
Event: 3.245 GC heap after
Heap after GC invocations=9 (full 1):
 PSYoungGen      total 235008K, used 7855K [0x00000000d5c00000, 0x00000000e7100000, 0x0000000100000000)
  eden space 226816K, 0% used [0x00000000d5c00000,0x00000000d5c00000,0x00000000e3980000)
  from space 8192K, 95% used [0x00000000e6900000,0x00000000e70abe38,0x00000000e7100000)
  to   space 10240K, 0% used [0x00000000e5d00000,0x00000000e5d00000,0x00000000e6700000)
 ParOldGen       total 61952K, used 15363K [0x0000000081400000, 0x0000000085080000, 0x00000000d5c00000)
  object space 61952K, 24% used [0x0000000081400000,0x0000000082300cc0,0x0000000085080000)
 Metaspace       used 26014K, capacity 26392K, committed 26752K, reserved 1073152K
  class space    used 3314K, capacity 3419K, committed 3456K, reserved 1048576K
}
Event: 4.863 GC heap before
{Heap before GC invocations=10 (full 1):
 PSYoungGen      total 235008K, used 152205K [0x00000000d5c00000, 0x00000000e7100000, 0x0000000100000000)
  eden space 226816K, 63% used [0x00000000d5c00000,0x00000000de8f7738,0x00000000e3980000)
  from space 8192K, 95% used [0x00000000e6900000,0x00000000e70abe38,0x00000000e7100000)
  to   space 10240K, 0% used [0x00000000e5d00000,0x00000000e5d00000,0x00000000e6700000)
 ParOldGen       total 61952K, used 15363K [0x0000000081400000, 0x0000000085080000, 0x00000000d5c00000)
  object space 61952K, 24% used [0x0000000081400000,0x0000000082300cc0,0x0000000085080000)
 Metaspace       used 34702K, capacity 35084K, committed 35416K, reserved 1081344K
  class space    used 4417K, capacity 4534K, committed 4608K, reserved 1048576K
Event: 4.875 GC heap after
Heap after GC invocations=10 (full 1):
 PSYoungGen      total 273408K, used 10218K [0x00000000d5c00000, 0x00000000eac00000, 0x0000000100000000)
  eden space 263168K, 0% used [0x00000000d5c00000,0x00000000d5c00000,0x00000000e5d00000)
  from space 10240K, 99% used [0x00000000e5d00000,0x00000000e66fab68,0x00000000e6700000)
  to   space 13312K, 0% used [0x00000000e9f00000,0x00000000e9f00000,0x00000000eac00000)
 ParOldGen       total 61952K, used 20997K [0x0000000081400000, 0x0000000085080000, 0x00000000d5c00000)
  object space 61952K, 33% used [0x0000000081400000,0x00000000828816a8,0x0000000085080000)
 Metaspace       used 34702K, capacity 35084K, committed 35416K, reserved 1081344K
  class space    used 4417K, capacity 4534K, committed 4608K, reserved 1048576K
}
Event: 4.875 GC heap before
{Heap before GC invocations=11 (full 2):
 PSYoungGen      total 273408K, used 10218K [0x00000000d5c00000, 0x00000000eac00000, 0x0000000100000000)
  eden space 263168K, 0% used [0x00000000d5c00000,0x00000000d5c00000,0x00000000e5d00000)
  from space 10240K, 99% used [0x00000000e5d00000,0x00000000e66fab68,0x00000000e6700000)
  to   space 13312K, 0% used [0x00000000e9f00000,0x00000000e9f00000,0x00000000eac00000)
 ParOldGen       total 61952K, used 20997K [0x0000000081400000, 0x0000000085080000, 0x00000000d5c00000)
  object space 61952K, 33% used [0x0000000081400000,0x00000000828816a8,0x0000000085080000)
 Metaspace       used 34702K, capacity 35084K, committed 35416K, reserved 1081344K
  class space    used 4417K, capacity 4534K, committed 4608K, reserved 1048576K

